<?xml version="1.0" encoding="UTF-8"?>
<!-- Generated by org.testng.reporters.JUnitXMLReporter -->
<testsuite hostname="ca-m-atef" name="Default test" tests="16" failures="0" timestamp="12 Nov 2019 17:18:11 GMT" time="16.738" errors="0">
  <testcase name="@BeforeTest setUp" time="0.0" classname="RegisteringNewCustomer.RegisterCustomerTestCases">
    <failure type="org.openqa.selenium.SessionNotCreatedException" message="session not created
from chrome not reachable
  (Session info: chrome=78.0.3904.97)
  (Driver info: chromedriver=72.0.3626.69 (3c16f8a135abc0d4da2dff33804db79b849a7c38),platform=Windows NT 10.0.18362 x86_64) (WARNING: The server did not provide any stacktrace information)
Command duration or timeout: 15.38 seconds
Build info: version: &amp;apos;3.14.0&amp;apos;, revision: &amp;apos;aacccce0&amp;apos;, time: &amp;apos;2018-08-02T20:19:58.91Z&amp;apos;
System info: host: &amp;apos;CA-M-ATEF&amp;apos;, ip: &amp;apos;10.68.22.33&amp;apos;, os.name: &amp;apos;Windows 10&amp;apos;, os.arch: &amp;apos;amd64&amp;apos;, os.version: &amp;apos;10.0&amp;apos;, java.version: &amp;apos;1.8.0_151&amp;apos;
Driver info: driver.version: ChromeDriver">
      <![CDATA[org.openqa.selenium.SessionNotCreatedException: session not created
from chrome not reachable
  (Session info: chrome=78.0.3904.97)
  (Driver info: chromedriver=72.0.3626.69 (3c16f8a135abc0d4da2dff33804db79b849a7c38),platform=Windows NT 10.0.18362 x86_64) (WARNING: The server did not provide any stacktrace information)
Command duration or timeout: 15.38 seconds
Build info: version: '3.14.0', revision: 'aacccce0', time: '2018-08-02T20:19:58.91Z'
System info: host: 'CA-M-ATEF', ip: '10.68.22.33', os.name: 'Windows 10', os.arch: 'amd64', os.version: '10.0', java.version: '1.8.0_151'
Driver info: driver.version: ChromeDriver
	at sun.reflect.NativeConstructorAccessorImpl.newInstance0(Native Method)
	at sun.reflect.NativeConstructorAccessorImpl.newInstance(NativeConstructorAccessorImpl.java:62)
	at sun.reflect.DelegatingConstructorAccessorImpl.newInstance(DelegatingConstructorAccessorImpl.java:45)
	at java.lang.reflect.Constructor.newInstance(Constructor.java:423)
	at org.openqa.selenium.remote.ErrorHandler.createThrowable(ErrorHandler.java:214)
	at org.openqa.selenium.remote.ErrorHandler.throwIfResponseFailed(ErrorHandler.java:166)
	at org.openqa.selenium.remote.JsonWireProtocolResponse.lambda$new$0(JsonWireProtocolResponse.java:53)
	at org.openqa.selenium.remote.JsonWireProtocolResponse.lambda$getResponseFunction$2(JsonWireProtocolResponse.java:91)
	at org.openqa.selenium.remote.ProtocolHandshake.lambda$createSession$0(ProtocolHandshake.java:122)
	at java.util.stream.ReferencePipeline$3$1.accept(ReferencePipeline.java:193)
	at java.util.Spliterators$ArraySpliterator.tryAdvance(Spliterators.java:958)
	at java.util.stream.ReferencePipeline.forEachWithCancel(ReferencePipeline.java:126)
	at java.util.stream.AbstractPipeline.copyIntoWithCancel(AbstractPipeline.java:498)
	at java.util.stream.AbstractPipeline.copyInto(AbstractPipeline.java:485)
	at java.util.stream.AbstractPipeline.wrapAndCopyInto(AbstractPipeline.java:471)
	at java.util.stream.FindOps$FindOp.evaluateSequential(FindOps.java:152)
	at java.util.stream.AbstractPipeline.evaluate(AbstractPipeline.java:234)
	at java.util.stream.ReferencePipeline.findFirst(ReferencePipeline.java:464)
	at org.openqa.selenium.remote.ProtocolHandshake.createSession(ProtocolHandshake.java:125)
	at org.openqa.selenium.remote.ProtocolHandshake.createSession(ProtocolHandshake.java:73)
	at org.openqa.selenium.remote.HttpCommandExecutor.execute(HttpCommandExecutor.java:136)
	at org.openqa.selenium.remote.service.DriverCommandExecutor.execute(DriverCommandExecutor.java:83)
	at org.openqa.selenium.remote.RemoteWebDriver.execute(RemoteWebDriver.java:548)
	at org.openqa.selenium.remote.RemoteWebDriver.startSession(RemoteWebDriver.java:212)
	at org.openqa.selenium.remote.RemoteWebDriver.<init>(RemoteWebDriver.java:130)
	at org.openqa.selenium.chrome.ChromeDriver.<init>(ChromeDriver.java:181)
	at org.openqa.selenium.chrome.ChromeDriver.<init>(ChromeDriver.java:168)
	at org.openqa.selenium.chrome.ChromeDriver.<init>(ChromeDriver.java:157)
	at CommenUsedMethods.CommenMethods.setUpDriversWebDrivers(CommenMethods.java:77)
	at RegisteringNewCustomer.RegisterCustomerTestCases.setUp(RegisterCustomerTestCases.java:30)
	at sun.reflect.NativeMethodAccessorImpl.invoke0(Native Method)
	at sun.reflect.NativeMethodAccessorImpl.invoke(NativeMethodAccessorImpl.java:62)
	at sun.reflect.DelegatingMethodAccessorImpl.invoke(DelegatingMethodAccessorImpl.java:43)
	at java.lang.reflect.Method.invoke(Method.java:498)
	at org.testng.internal.MethodInvocationHelper.invokeMethod(MethodInvocationHelper.java:84)
	at org.testng.internal.Invoker.invokeConfigurationMethod(Invoker.java:564)
	at org.testng.internal.Invoker.invokeConfigurations(Invoker.java:213)
	at org.testng.internal.Invoker.invokeConfigurations(Invoker.java:138)
	at org.testng.TestRunner.beforeRun(TestRunner.java:641)
	at org.testng.TestRunner.run(TestRunner.java:609)
	at org.testng.SuiteRunner.runTest(SuiteRunner.java:348)
	at org.testng.SuiteRunner.runSequentially(SuiteRunner.java:343)
	at org.testng.SuiteRunner.privateRun(SuiteRunner.java:305)
	at org.testng.SuiteRunner.run(SuiteRunner.java:254)
	at org.testng.SuiteRunnerWorker.runSuite(SuiteRunnerWorker.java:52)
	at org.testng.SuiteRunnerWorker.run(SuiteRunnerWorker.java:86)
	at org.testng.TestNG.runSuitesSequentially(TestNG.java:1224)
	at org.testng.TestNG.runSuitesLocally(TestNG.java:1149)
	at org.testng.TestNG.run(TestNG.java:1057)
	at org.apache.maven.surefire.testng.TestNGExecutor.run(TestNGExecutor.java:283)
	at org.apache.maven.surefire.testng.TestNGXmlTestSuite.execute(TestNGXmlTestSuite.java:75)
	at org.apache.maven.surefire.testng.TestNGProvider.invoke(TestNGProvider.java:120)
	at org.apache.maven.surefire.booter.ForkedBooter.invokeProviderInSameClassLoader(ForkedBooter.java:384)
	at org.apache.maven.surefire.booter.ForkedBooter.runSuitesInProcess(ForkedBooter.java:345)
	at org.apache.maven.surefire.booter.ForkedBooter.execute(ForkedBooter.java:126)
	at org.apache.maven.surefire.booter.ForkedBooter.main(ForkedBooter.java:418)
]]>
    </failure>
  </testcase> <!-- @BeforeTest setUp -->
  <testcase name="@AfterTest tearDown" time="0.0" classname="RegisteringNewCustomer.RegisterCustomerTestCases">
    <skipped/>
  </testcase> <!-- @AfterTest tearDown -->
  <testcase name="createNewUserButton" time="0.002" classname="RegisteringNewCustomer.RegisterCustomerTestCases">
    <skipped/>
  </testcase> <!-- createNewUserButton -->
  <testcase name="registerationHappyPath" time="0.001" classname="RegisteringNewCustomer.RegisterCustomerTestCases">
    <skipped/>
  </testcase> <!-- registerationHappyPath -->
  <testcase name="registerationWithNotEmailString" time="0.001" classname="RegisteringNewCustomer.RegisterCustomerTestCases">
    <skipped/>
  </testcase> <!-- registerationWithNotEmailString -->
  <testcase name="registerationWithEmptyEmailField" time="0.001" classname="RegisteringNewCustomer.RegisterCustomerTestCases">
    <skipped/>
  </testcase> <!-- registerationWithEmptyEmailField -->
  <testcase name="registerationWithEmptyPassword" time="0.001" classname="RegisteringNewCustomer.RegisterCustomerTestCases">
    <skipped/>
  </testcase> <!-- registerationWithEmptyPassword -->
  <testcase name="registerationWithEmptyPasswordConfirmationField" time="0.0" classname="RegisteringNewCustomer.RegisterCustomerTestCases">
    <skipped/>
  </testcase> <!-- registerationWithEmptyPasswordConfirmationField -->
  <testcase name="registerationWithEmptyPasswordAndEmptyConfirmation" time="0.001" classname="RegisteringNewCustomer.RegisterCustomerTestCases">
    <skipped/>
  </testcase> <!-- registerationWithEmptyPasswordAndEmptyConfirmation -->
  <testcase name="registerationWithFiveCharchtersPassword" time="0.001" classname="RegisteringNewCustomer.RegisterCustomerTestCases">
    <skipped/>
  </testcase> <!-- registerationWithFiveCharchtersPassword -->
  <testcase name="registerationWithFiftyOneCharchtersPassword" time="0.001" classname="RegisteringNewCustomer.RegisterCustomerTestCases">
    <skipped/>
  </testcase> <!-- registerationWithFiftyOneCharchtersPassword -->
  <testcase name="registerationWithOnlyLettersPassword" time="0.001" classname="RegisteringNewCustomer.RegisterCustomerTestCases">
    <skipped/>
  </testcase> <!-- registerationWithOnlyLettersPassword -->
  <testcase name="registerationWithOnlyNumbersPassword" time="0.001" classname="RegisteringNewCustomer.RegisterCustomerTestCases">
    <skipped/>
  </testcase> <!-- registerationWithOnlyNumbersPassword -->
  <testcase name="registerationWithOnlySpecialCharchtersPassword" time="0.001" classname="RegisteringNewCustomer.RegisterCustomerTestCases">
    <skipped/>
  </testcase> <!-- registerationWithOnlySpecialCharchtersPassword -->
  <testcase name="registerationWithPasswordSimilarToEmail" time="0.001" classname="RegisteringNewCustomer.RegisterCustomerTestCases">
    <skipped/>
  </testcase> <!-- registerationWithPasswordSimilarToEmail -->
  <testcase name="registerationWithPreviouslyUsedEmail" time="0.001" classname="RegisteringNewCustomer.RegisterCustomerTestCases">
    <skipped/>
  </testcase> <!-- registerationWithPreviouslyUsedEmail -->
  <testcase name="registerationWithEasyToGuessPassword" time="0.0" classname="RegisteringNewCustomer.RegisterCustomerTestCases">
    <skipped/>
  </testcase> <!-- registerationWithEasyToGuessPassword -->
  <testcase name="registerationTermsOfUseAndPrivacy" time="0.001" classname="RegisteringNewCustomer.RegisterCustomerTestCases">
    <skipped/>
  </testcase> <!-- registerationTermsOfUseAndPrivacy -->
</testsuite> <!-- Default test -->
