<!DOCTYPE html PUBLIC "-//W3C//DTD XHTML 1.1//EN" "http://www.w3.org/TR/xhtml11/DTD/xhtml11.dtd">
<html xmlns="http://www.w3.org/1999/xhtml"><head><title>TestNG Report</title><style type="text/css">table {margin-bottom:10px;border-collapse:collapse;empty-cells:show}th,td {border:1px solid #009;padding:.25em .5em}th {vertical-align:bottom}td {vertical-align:top}table a {font-weight:bold}.stripe td {background-color: #E6EBF9}.num {text-align:right}.passedodd td {background-color: #3F3}.passedeven td {background-color: #0A0}.skippedodd td {background-color: #DDD}.skippedeven td {background-color: #CCC}.failedodd td,.attn {background-color: #F33}.failedeven td,.stripe .attn {background-color: #D00}.stacktrace {white-space:pre;font-family:monospace}.totop {font-size:85%;text-align:center;border-bottom:2px solid #000}</style></head><body><table><tr><th>Test</th><th># Passed</th><th># Skipped</th><th># Failed</th><th>Time (ms)</th><th>Included Groups</th><th>Excluded Groups</th></tr><tr><th colspan="7">Default suite</th></tr><tr><td><a href="#t0">Default test</a></td><td class="num">0</td><td class="num attn">16</td><td class="num">0</td><td class="num">16,738</td><td></td><td></td></tr><tr class="stripe"><td><a href="#t1">Default test1</a></td><td class="num">0</td><td class="num attn">1</td><td class="num">0</td><td class="num">15,239</td><td></td><td></td></tr><tr><th>Total</th><th class="num">0</th><th class="num attn">17</th><th class="num">0</th><th class="num">31,977</th><th colspan="2"></th></tr></table><table><thead><tr><th>Class</th><th>Method</th><th>Start</th><th>Time (ms)</th></tr></thead><tbody><tr><th colspan="4">Default suite</th></tr></tbody><tbody id="t0"><tr><th colspan="4">Default test &#8212; failed (configuration methods)</th></tr><tr class="failedeven"><td rowspan="1">RegisteringNewCustomer.RegisterCustomerTestCases</td><td><a href="#m0">setUp</a></td><td rowspan="1">1573579075114</td><td rowspan="1">0</td></tr><tr><th colspan="4">Default test &#8212; skipped (configuration methods)</th></tr><tr class="skippedeven"><td rowspan="1">RegisteringNewCustomer.RegisterCustomerTestCases</td><td><a href="#m1">tearDown</a></td><td rowspan="1">1573579091850</td><td rowspan="1">0</td></tr><tr><th colspan="4">Default test &#8212; skipped</th></tr><tr class="skippedeven"><td rowspan="16">RegisteringNewCustomer.RegisterCustomerTestCases</td><td><a href="#m2">createNewUserButton</a></td><td rowspan="1">1573579091820</td><td rowspan="1">2</td></tr><tr class="skippedeven"><td><a href="#m3">registerationHappyPath</a></td><td rowspan="1">1573579091823</td><td rowspan="1">1</td></tr><tr class="skippedeven"><td><a href="#m4">registerationTermsOfUseAndPrivacy</a></td><td rowspan="1">1573579091847</td><td rowspan="1">1</td></tr><tr class="skippedeven"><td><a href="#m5">registerationWithEasyToGuessPassword</a></td><td rowspan="1">1573579091846</td><td rowspan="1">0</td></tr><tr class="skippedeven"><td><a href="#m6">registerationWithEmptyEmailField</a></td><td rowspan="1">1573579091826</td><td rowspan="1">1</td></tr><tr class="skippedeven"><td><a href="#m7">registerationWithEmptyPassword</a></td><td rowspan="1">1573579091828</td><td rowspan="1">1</td></tr><tr class="skippedeven"><td><a href="#m8">registerationWithEmptyPasswordAndEmptyConfirmation</a></td><td rowspan="1">1573579091831</td><td rowspan="1">1</td></tr><tr class="skippedeven"><td><a href="#m9">registerationWithEmptyPasswordConfirmationField</a></td><td rowspan="1">1573579091830</td><td rowspan="1">0</td></tr><tr class="skippedeven"><td><a href="#m10">registerationWithFiftyOneCharchtersPassword</a></td><td rowspan="1">1573579091835</td><td rowspan="1">1</td></tr><tr class="skippedeven"><td><a href="#m11">registerationWithFiveCharchtersPassword</a></td><td rowspan="1">1573579091833</td><td rowspan="1">1</td></tr><tr class="skippedeven"><td><a href="#m12">registerationWithNotEmailString</a></td><td rowspan="1">1573579091824</td><td rowspan="1">1</td></tr><tr class="skippedeven"><td><a href="#m13">registerationWithOnlyLettersPassword</a></td><td rowspan="1">1573579091836</td><td rowspan="1">1</td></tr><tr class="skippedeven"><td><a href="#m14">registerationWithOnlyNumbersPassword</a></td><td rowspan="1">1573579091838</td><td rowspan="1">1</td></tr><tr class="skippedeven"><td><a href="#m15">registerationWithOnlySpecialCharchtersPassword</a></td><td rowspan="1">1573579091840</td><td rowspan="1">1</td></tr><tr class="skippedeven"><td><a href="#m16">registerationWithPasswordSimilarToEmail</a></td><td rowspan="1">1573579091842</td><td rowspan="1">1</td></tr><tr class="skippedeven"><td><a href="#m17">registerationWithPreviouslyUsedEmail</a></td><td rowspan="1">1573579091844</td><td rowspan="1">1</td></tr></tbody><tbody id="t1"><tr><th colspan="4">Default test1 &#8212; failed (configuration methods)</th></tr><tr class="failedeven"><td rowspan="1">TravelSearch.TravelSearchTestCases</td><td><a href="#m18">setUp</a></td><td rowspan="1">1573579091904</td><td rowspan="1">0</td></tr><tr><th colspan="4">Default test1 &#8212; skipped (configuration methods)</th></tr><tr class="skippedeven"><td rowspan="1">TravelSearch.TravelSearchTestCases</td><td><a href="#m19">tearDown</a></td><td rowspan="1">1573579107142</td><td rowspan="1">0</td></tr><tr><th colspan="4">Default test1 &#8212; skipped</th></tr><tr class="skippedeven"><td rowspan="1">TravelSearch.TravelSearchTestCases</td><td><a href="#m20">searchForFlight</a></td><td rowspan="1">1573579107140</td><td rowspan="1">1</td></tr></tbody></table><h2>Default test</h2><h3 id="m0">RegisteringNewCustomer.RegisterCustomerTestCases#setUp</h3><table class="result"><tr><th>Exception</th></tr><tr><td><div class="stacktrace">org.openqa.selenium.SessionNotCreatedException: session not created
from chrome not reachable
  (Session info: chrome=78.0.3904.97)
  (Driver info: chromedriver=72.0.3626.69 (3c16f8a135abc0d4da2dff33804db79b849a7c38),platform=Windows NT 10.0.18362 x86_64) (WARNING: The server did not provide any stacktrace information)
Command duration or timeout: 15.38 seconds
Build info: version: &apos;3.14.0&apos;, revision: &apos;aacccce0&apos;, time: &apos;2018-08-02T20:19:58.91Z&apos;
System info: host: &apos;CA-M-ATEF&apos;, ip: &apos;10.68.22.33&apos;, os.name: &apos;Windows 10&apos;, os.arch: &apos;amd64&apos;, os.version: &apos;10.0&apos;, java.version: &apos;1.8.0_151&apos;
Driver info: driver.version: ChromeDriver
	at sun.reflect.NativeConstructorAccessorImpl.newInstance0(Native Method)
	at sun.reflect.NativeConstructorAccessorImpl.newInstance(NativeConstructorAccessorImpl.java:62)
	at sun.reflect.DelegatingConstructorAccessorImpl.newInstance(DelegatingConstructorAccessorImpl.java:45)
	at java.lang.reflect.Constructor.newInstance(Constructor.java:423)
	at org.openqa.selenium.remote.ErrorHandler.createThrowable(ErrorHandler.java:214)
	at org.openqa.selenium.remote.ErrorHandler.throwIfResponseFailed(ErrorHandler.java:166)
	at org.openqa.selenium.remote.JsonWireProtocolResponse.lambda$new$0(JsonWireProtocolResponse.java:53)
	at org.openqa.selenium.remote.JsonWireProtocolResponse.lambda$getResponseFunction$2(JsonWireProtocolResponse.java:91)
	at org.openqa.selenium.remote.ProtocolHandshake.lambda$createSession$0(ProtocolHandshake.java:122)
	at java.util.stream.ReferencePipeline$3$1.accept(ReferencePipeline.java:193)
	at java.util.Spliterators$ArraySpliterator.tryAdvance(Spliterators.java:958)
	at java.util.stream.ReferencePipeline.forEachWithCancel(ReferencePipeline.java:126)
	at java.util.stream.AbstractPipeline.copyIntoWithCancel(AbstractPipeline.java:498)
	at java.util.stream.AbstractPipeline.copyInto(AbstractPipeline.java:485)
	at java.util.stream.AbstractPipeline.wrapAndCopyInto(AbstractPipeline.java:471)
	at java.util.stream.FindOps$FindOp.evaluateSequential(FindOps.java:152)
	at java.util.stream.AbstractPipeline.evaluate(AbstractPipeline.java:234)
	at java.util.stream.ReferencePipeline.findFirst(ReferencePipeline.java:464)
	at org.openqa.selenium.remote.ProtocolHandshake.createSession(ProtocolHandshake.java:125)
	at org.openqa.selenium.remote.ProtocolHandshake.createSession(ProtocolHandshake.java:73)
	at org.openqa.selenium.remote.HttpCommandExecutor.execute(HttpCommandExecutor.java:136)
	at org.openqa.selenium.remote.service.DriverCommandExecutor.execute(DriverCommandExecutor.java:83)
	at org.openqa.selenium.remote.RemoteWebDriver.execute(RemoteWebDriver.java:548)
	at org.openqa.selenium.remote.RemoteWebDriver.startSession(RemoteWebDriver.java:212)
	at org.openqa.selenium.remote.RemoteWebDriver.&lt;init&gt;(RemoteWebDriver.java:130)
	at org.openqa.selenium.chrome.ChromeDriver.&lt;init&gt;(ChromeDriver.java:181)
	at org.openqa.selenium.chrome.ChromeDriver.&lt;init&gt;(ChromeDriver.java:168)
	at org.openqa.selenium.chrome.ChromeDriver.&lt;init&gt;(ChromeDriver.java:157)
	at CommenUsedMethods.CommenMethods.setUpDriversWebDrivers(CommenMethods.java:77)
	at RegisteringNewCustomer.RegisterCustomerTestCases.setUp(RegisterCustomerTestCases.java:30)
	at sun.reflect.NativeMethodAccessorImpl.invoke0(Native Method)
	at sun.reflect.NativeMethodAccessorImpl.invoke(NativeMethodAccessorImpl.java:62)
	at sun.reflect.DelegatingMethodAccessorImpl.invoke(DelegatingMethodAccessorImpl.java:43)
	at java.lang.reflect.Method.invoke(Method.java:498)
	at org.testng.internal.MethodInvocationHelper.invokeMethod(MethodInvocationHelper.java:84)
	at org.testng.internal.Invoker.invokeConfigurationMethod(Invoker.java:564)
	at org.testng.internal.Invoker.invokeConfigurations(Invoker.java:213)
	at org.testng.internal.Invoker.invokeConfigurations(Invoker.java:138)
	at org.testng.TestRunner.beforeRun(TestRunner.java:641)
	at org.testng.TestRunner.run(TestRunner.java:609)
	at org.testng.SuiteRunner.runTest(SuiteRunner.java:348)
	at org.testng.SuiteRunner.runSequentially(SuiteRunner.java:343)
	at org.testng.SuiteRunner.privateRun(SuiteRunner.java:305)
	at org.testng.SuiteRunner.run(SuiteRunner.java:254)
	at org.testng.SuiteRunnerWorker.runSuite(SuiteRunnerWorker.java:52)
	at org.testng.SuiteRunnerWorker.run(SuiteRunnerWorker.java:86)
	at org.testng.TestNG.runSuitesSequentially(TestNG.java:1224)
	at org.testng.TestNG.runSuitesLocally(TestNG.java:1149)
	at org.testng.TestNG.run(TestNG.java:1057)
	at org.apache.maven.surefire.testng.TestNGExecutor.run(TestNGExecutor.java:283)
	at org.apache.maven.surefire.testng.TestNGXmlTestSuite.execute(TestNGXmlTestSuite.java:75)
	at org.apache.maven.surefire.testng.TestNGProvider.invoke(TestNGProvider.java:120)
	at org.apache.maven.surefire.booter.ForkedBooter.invokeProviderInSameClassLoader(ForkedBooter.java:384)
	at org.apache.maven.surefire.booter.ForkedBooter.runSuitesInProcess(ForkedBooter.java:345)
	at org.apache.maven.surefire.booter.ForkedBooter.execute(ForkedBooter.java:126)
	at org.apache.maven.surefire.booter.ForkedBooter.main(ForkedBooter.java:418)
</div></td></tr></table><p class="totop"><a href="#summary">back to summary</a></p><h3 id="m1">RegisteringNewCustomer.RegisterCustomerTestCases#tearDown</h3><table class="result"></table><p class="totop"><a href="#summary">back to summary</a></p><h3 id="m2">RegisteringNewCustomer.RegisterCustomerTestCases#createNewUserButton</h3><table class="result"></table><p class="totop"><a href="#summary">back to summary</a></p><h3 id="m3">RegisteringNewCustomer.RegisterCustomerTestCases#registerationHappyPath</h3><table class="result"></table><p class="totop"><a href="#summary">back to summary</a></p><h3 id="m4">RegisteringNewCustomer.RegisterCustomerTestCases#registerationTermsOfUseAndPrivacy</h3><table class="result"></table><p class="totop"><a href="#summary">back to summary</a></p><h3 id="m5">RegisteringNewCustomer.RegisterCustomerTestCases#registerationWithEasyToGuessPassword</h3><table class="result"></table><p class="totop"><a href="#summary">back to summary</a></p><h3 id="m6">RegisteringNewCustomer.RegisterCustomerTestCases#registerationWithEmptyEmailField</h3><table class="result"></table><p class="totop"><a href="#summary">back to summary</a></p><h3 id="m7">RegisteringNewCustomer.RegisterCustomerTestCases#registerationWithEmptyPassword</h3><table class="result"></table><p class="totop"><a href="#summary">back to summary</a></p><h3 id="m8">RegisteringNewCustomer.RegisterCustomerTestCases#registerationWithEmptyPasswordAndEmptyConfirmation</h3><table class="result"></table><p class="totop"><a href="#summary">back to summary</a></p><h3 id="m9">RegisteringNewCustomer.RegisterCustomerTestCases#registerationWithEmptyPasswordConfirmationField</h3><table class="result"></table><p class="totop"><a href="#summary">back to summary</a></p><h3 id="m10">RegisteringNewCustomer.RegisterCustomerTestCases#registerationWithFiftyOneCharchtersPassword</h3><table class="result"></table><p class="totop"><a href="#summary">back to summary</a></p><h3 id="m11">RegisteringNewCustomer.RegisterCustomerTestCases#registerationWithFiveCharchtersPassword</h3><table class="result"></table><p class="totop"><a href="#summary">back to summary</a></p><h3 id="m12">RegisteringNewCustomer.RegisterCustomerTestCases#registerationWithNotEmailString</h3><table class="result"></table><p class="totop"><a href="#summary">back to summary</a></p><h3 id="m13">RegisteringNewCustomer.RegisterCustomerTestCases#registerationWithOnlyLettersPassword</h3><table class="result"></table><p class="totop"><a href="#summary">back to summary</a></p><h3 id="m14">RegisteringNewCustomer.RegisterCustomerTestCases#registerationWithOnlyNumbersPassword</h3><table class="result"></table><p class="totop"><a href="#summary">back to summary</a></p><h3 id="m15">RegisteringNewCustomer.RegisterCustomerTestCases#registerationWithOnlySpecialCharchtersPassword</h3><table class="result"></table><p class="totop"><a href="#summary">back to summary</a></p><h3 id="m16">RegisteringNewCustomer.RegisterCustomerTestCases#registerationWithPasswordSimilarToEmail</h3><table class="result"></table><p class="totop"><a href="#summary">back to summary</a></p><h3 id="m17">RegisteringNewCustomer.RegisterCustomerTestCases#registerationWithPreviouslyUsedEmail</h3><table class="result"></table><p class="totop"><a href="#summary">back to summary</a></p><h2>Default test1</h2><h3 id="m18">TravelSearch.TravelSearchTestCases#setUp</h3><table class="result"><tr><th>Exception</th></tr><tr><td><div class="stacktrace">org.openqa.selenium.SessionNotCreatedException: session not created
from chrome not reachable
  (Session info: chrome=78.0.3904.97)
  (Driver info: chromedriver=72.0.3626.69 (3c16f8a135abc0d4da2dff33804db79b849a7c38),platform=Windows NT 10.0.18362 x86_64) (WARNING: The server did not provide any stacktrace information)
Command duration or timeout: 14.70 seconds
Build info: version: &apos;3.14.0&apos;, revision: &apos;aacccce0&apos;, time: &apos;2018-08-02T20:19:58.91Z&apos;
System info: host: &apos;CA-M-ATEF&apos;, ip: &apos;10.68.22.33&apos;, os.name: &apos;Windows 10&apos;, os.arch: &apos;amd64&apos;, os.version: &apos;10.0&apos;, java.version: &apos;1.8.0_151&apos;
Driver info: driver.version: ChromeDriver
	at sun.reflect.NativeConstructorAccessorImpl.newInstance0(Native Method)
	at sun.reflect.NativeConstructorAccessorImpl.newInstance(NativeConstructorAccessorImpl.java:62)
	at sun.reflect.DelegatingConstructorAccessorImpl.newInstance(DelegatingConstructorAccessorImpl.java:45)
	at java.lang.reflect.Constructor.newInstance(Constructor.java:423)
	at org.openqa.selenium.remote.ErrorHandler.createThrowable(ErrorHandler.java:214)
	at org.openqa.selenium.remote.ErrorHandler.throwIfResponseFailed(ErrorHandler.java:166)
	at org.openqa.selenium.remote.JsonWireProtocolResponse.lambda$new$0(JsonWireProtocolResponse.java:53)
	at org.openqa.selenium.remote.JsonWireProtocolResponse.lambda$getResponseFunction$2(JsonWireProtocolResponse.java:91)
	at org.openqa.selenium.remote.ProtocolHandshake.lambda$createSession$0(ProtocolHandshake.java:122)
	at java.util.stream.ReferencePipeline$3$1.accept(ReferencePipeline.java:193)
	at java.util.Spliterators$ArraySpliterator.tryAdvance(Spliterators.java:958)
	at java.util.stream.ReferencePipeline.forEachWithCancel(ReferencePipeline.java:126)
	at java.util.stream.AbstractPipeline.copyIntoWithCancel(AbstractPipeline.java:498)
	at java.util.stream.AbstractPipeline.copyInto(AbstractPipeline.java:485)
	at java.util.stream.AbstractPipeline.wrapAndCopyInto(AbstractPipeline.java:471)
	at java.util.stream.FindOps$FindOp.evaluateSequential(FindOps.java:152)
	at java.util.stream.AbstractPipeline.evaluate(AbstractPipeline.java:234)
	at java.util.stream.ReferencePipeline.findFirst(ReferencePipeline.java:464)
	at org.openqa.selenium.remote.ProtocolHandshake.createSession(ProtocolHandshake.java:125)
	at org.openqa.selenium.remote.ProtocolHandshake.createSession(ProtocolHandshake.java:73)
	at org.openqa.selenium.remote.HttpCommandExecutor.execute(HttpCommandExecutor.java:136)
	at org.openqa.selenium.remote.service.DriverCommandExecutor.execute(DriverCommandExecutor.java:83)
	at org.openqa.selenium.remote.RemoteWebDriver.execute(RemoteWebDriver.java:548)
	at org.openqa.selenium.remote.RemoteWebDriver.startSession(RemoteWebDriver.java:212)
	at org.openqa.selenium.remote.RemoteWebDriver.&lt;init&gt;(RemoteWebDriver.java:130)
	at org.openqa.selenium.chrome.ChromeDriver.&lt;init&gt;(ChromeDriver.java:181)
	at org.openqa.selenium.chrome.ChromeDriver.&lt;init&gt;(ChromeDriver.java:168)
	at org.openqa.selenium.chrome.ChromeDriver.&lt;init&gt;(ChromeDriver.java:157)
	at CommenUsedMethods.CommenMethods.setUpDriversWebDrivers(CommenMethods.java:77)
	at TravelSearch.TravelSearchTestCases.setUp(TravelSearchTestCases.java:30)
	at sun.reflect.NativeMethodAccessorImpl.invoke0(Native Method)
	at sun.reflect.NativeMethodAccessorImpl.invoke(NativeMethodAccessorImpl.java:62)
	at sun.reflect.DelegatingMethodAccessorImpl.invoke(DelegatingMethodAccessorImpl.java:43)
	at java.lang.reflect.Method.invoke(Method.java:498)
	at org.testng.internal.MethodInvocationHelper.invokeMethod(MethodInvocationHelper.java:84)
	at org.testng.internal.Invoker.invokeConfigurationMethod(Invoker.java:564)
	at org.testng.internal.Invoker.invokeConfigurations(Invoker.java:213)
	at org.testng.internal.Invoker.invokeConfigurations(Invoker.java:138)
	at org.testng.TestRunner.beforeRun(TestRunner.java:641)
	at org.testng.TestRunner.run(TestRunner.java:609)
	at org.testng.SuiteRunner.runTest(SuiteRunner.java:348)
	at org.testng.SuiteRunner.runSequentially(SuiteRunner.java:343)
	at org.testng.SuiteRunner.privateRun(SuiteRunner.java:305)
	at org.testng.SuiteRunner.run(SuiteRunner.java:254)
	at org.testng.SuiteRunnerWorker.runSuite(SuiteRunnerWorker.java:52)
	at org.testng.SuiteRunnerWorker.run(SuiteRunnerWorker.java:86)
	at org.testng.TestNG.runSuitesSequentially(TestNG.java:1224)
	at org.testng.TestNG.runSuitesLocally(TestNG.java:1149)
	at org.testng.TestNG.run(TestNG.java:1057)
	at org.apache.maven.surefire.testng.TestNGExecutor.run(TestNGExecutor.java:283)
	at org.apache.maven.surefire.testng.TestNGXmlTestSuite.execute(TestNGXmlTestSuite.java:75)
	at org.apache.maven.surefire.testng.TestNGProvider.invoke(TestNGProvider.java:120)
	at org.apache.maven.surefire.booter.ForkedBooter.invokeProviderInSameClassLoader(ForkedBooter.java:384)
	at org.apache.maven.surefire.booter.ForkedBooter.runSuitesInProcess(ForkedBooter.java:345)
	at org.apache.maven.surefire.booter.ForkedBooter.execute(ForkedBooter.java:126)
	at org.apache.maven.surefire.booter.ForkedBooter.main(ForkedBooter.java:418)
</div></td></tr></table><p class="totop"><a href="#summary">back to summary</a></p><h3 id="m19">TravelSearch.TravelSearchTestCases#tearDown</h3><table class="result"></table><p class="totop"><a href="#summary">back to summary</a></p><h3 id="m20">TravelSearch.TravelSearchTestCases#searchForFlight</h3><table class="result"></table><p class="totop"><a href="#summary">back to summary</a></p></body></html>