<?xml version="1.0" encoding="UTF-8"?>
<testng-results skipped="17" failed="0" total="17" passed="0">
  <reporter-output>
  </reporter-output>
  <suite name="Default suite" duration-ms="32030" started-at="2019-11-12T17:17:55Z" finished-at="2019-11-12T17:18:27Z">
    <groups>
    </groups>
    <test name="Default test" duration-ms="16738" started-at="2019-11-12T17:17:55Z" finished-at="2019-11-12T17:18:11Z">
      <class name="RegisteringNewCustomer.RegisterCustomerTestCases">
        <test-method status="FAIL" signature="setUp()[pri:0, instance:RegisteringNewCustomer.RegisterCustomerTestCases@5bfa9431]" name="setUp" is-config="true" duration-ms="0" started-at="2019-11-12T19:17:55Z" finished-at="2019-11-12T19:17:55Z">
          <exception class="org.openqa.selenium.SessionNotCreatedException">
            <message>
              <![CDATA[session not created
from chrome not reachable
  (Session info: chrome=78.0.3904.97)
  (Driver info: chromedriver=72.0.3626.69 (3c16f8a135abc0d4da2dff33804db79b849a7c38),platform=Windows NT 10.0.18362 x86_64) (WARNING: The server did not provide any stacktrace information)
Command duration or timeout: 15.38 seconds
Build info: version: '3.14.0', revision: 'aacccce0', time: '2018-08-02T20:19:58.91Z'
System info: host: 'CA-M-ATEF', ip: '10.68.22.33', os.name: 'Windows 10', os.arch: 'amd64', os.version: '10.0', java.version: '1.8.0_151'
Driver info: driver.version: ChromeDriver]]>
            </message>
            <full-stacktrace>
              <![CDATA[org.openqa.selenium.SessionNotCreatedException: session not created
from chrome not reachable
  (Session info: chrome=78.0.3904.97)
  (Driver info: chromedriver=72.0.3626.69 (3c16f8a135abc0d4da2dff33804db79b849a7c38),platform=Windows NT 10.0.18362 x86_64) (WARNING: The server did not provide any stacktrace information)
Command duration or timeout: 15.38 seconds
Build info: version: '3.14.0', revision: 'aacccce0', time: '2018-08-02T20:19:58.91Z'
System info: host: 'CA-M-ATEF', ip: '10.68.22.33', os.name: 'Windows 10', os.arch: 'amd64', os.version: '10.0', java.version: '1.8.0_151'
Driver info: driver.version: ChromeDriver
	at sun.reflect.NativeConstructorAccessorImpl.newInstance0(Native Method)
	at sun.reflect.NativeConstructorAccessorImpl.newInstance(NativeConstructorAccessorImpl.java:62)
	at sun.reflect.DelegatingConstructorAccessorImpl.newInstance(DelegatingConstructorAccessorImpl.java:45)
	at java.lang.reflect.Constructor.newInstance(Constructor.java:423)
	at org.openqa.selenium.remote.ErrorHandler.createThrowable(ErrorHandler.java:214)
	at org.openqa.selenium.remote.ErrorHandler.throwIfResponseFailed(ErrorHandler.java:166)
	at org.openqa.selenium.remote.JsonWireProtocolResponse.lambda$new$0(JsonWireProtocolResponse.java:53)
	at org.openqa.selenium.remote.JsonWireProtocolResponse.lambda$getResponseFunction$2(JsonWireProtocolResponse.java:91)
	at org.openqa.selenium.remote.ProtocolHandshake.lambda$createSession$0(ProtocolHandshake.java:122)
	at java.util.stream.ReferencePipeline$3$1.accept(ReferencePipeline.java:193)
	at java.util.Spliterators$ArraySpliterator.tryAdvance(Spliterators.java:958)
	at java.util.stream.ReferencePipeline.forEachWithCancel(ReferencePipeline.java:126)
	at java.util.stream.AbstractPipeline.copyIntoWithCancel(AbstractPipeline.java:498)
	at java.util.stream.AbstractPipeline.copyInto(AbstractPipeline.java:485)
	at java.util.stream.AbstractPipeline.wrapAndCopyInto(AbstractPipeline.java:471)
	at java.util.stream.FindOps$FindOp.evaluateSequential(FindOps.java:152)
	at java.util.stream.AbstractPipeline.evaluate(AbstractPipeline.java:234)
	at java.util.stream.ReferencePipeline.findFirst(ReferencePipeline.java:464)
	at org.openqa.selenium.remote.ProtocolHandshake.createSession(ProtocolHandshake.java:125)
	at org.openqa.selenium.remote.ProtocolHandshake.createSession(ProtocolHandshake.java:73)
	at org.openqa.selenium.remote.HttpCommandExecutor.execute(HttpCommandExecutor.java:136)
	at org.openqa.selenium.remote.service.DriverCommandExecutor.execute(DriverCommandExecutor.java:83)
	at org.openqa.selenium.remote.RemoteWebDriver.execute(RemoteWebDriver.java:548)
	at org.openqa.selenium.remote.RemoteWebDriver.startSession(RemoteWebDriver.java:212)
	at org.openqa.selenium.remote.RemoteWebDriver.<init>(RemoteWebDriver.java:130)
	at org.openqa.selenium.chrome.ChromeDriver.<init>(ChromeDriver.java:181)
	at org.openqa.selenium.chrome.ChromeDriver.<init>(ChromeDriver.java:168)
	at org.openqa.selenium.chrome.ChromeDriver.<init>(ChromeDriver.java:157)
	at CommenUsedMethods.CommenMethods.setUpDriversWebDrivers(CommenMethods.java:77)
	at RegisteringNewCustomer.RegisterCustomerTestCases.setUp(RegisterCustomerTestCases.java:30)
	at sun.reflect.NativeMethodAccessorImpl.invoke0(Native Method)
	at sun.reflect.NativeMethodAccessorImpl.invoke(NativeMethodAccessorImpl.java:62)
	at sun.reflect.DelegatingMethodAccessorImpl.invoke(DelegatingMethodAccessorImpl.java:43)
	at java.lang.reflect.Method.invoke(Method.java:498)
	at org.testng.internal.MethodInvocationHelper.invokeMethod(MethodInvocationHelper.java:84)
	at org.testng.internal.Invoker.invokeConfigurationMethod(Invoker.java:564)
	at org.testng.internal.Invoker.invokeConfigurations(Invoker.java:213)
	at org.testng.internal.Invoker.invokeConfigurations(Invoker.java:138)
	at org.testng.TestRunner.beforeRun(TestRunner.java:641)
	at org.testng.TestRunner.run(TestRunner.java:609)
	at org.testng.SuiteRunner.runTest(SuiteRunner.java:348)
	at org.testng.SuiteRunner.runSequentially(SuiteRunner.java:343)
	at org.testng.SuiteRunner.privateRun(SuiteRunner.java:305)
	at org.testng.SuiteRunner.run(SuiteRunner.java:254)
	at org.testng.SuiteRunnerWorker.runSuite(SuiteRunnerWorker.java:52)
	at org.testng.SuiteRunnerWorker.run(SuiteRunnerWorker.java:86)
	at org.testng.TestNG.runSuitesSequentially(TestNG.java:1224)
	at org.testng.TestNG.runSuitesLocally(TestNG.java:1149)
	at org.testng.TestNG.run(TestNG.java:1057)
	at org.apache.maven.surefire.testng.TestNGExecutor.run(TestNGExecutor.java:283)
	at org.apache.maven.surefire.testng.TestNGXmlTestSuite.execute(TestNGXmlTestSuite.java:75)
	at org.apache.maven.surefire.testng.TestNGProvider.invoke(TestNGProvider.java:120)
	at org.apache.maven.surefire.booter.ForkedBooter.invokeProviderInSameClassLoader(ForkedBooter.java:384)
	at org.apache.maven.surefire.booter.ForkedBooter.runSuitesInProcess(ForkedBooter.java:345)
	at org.apache.maven.surefire.booter.ForkedBooter.execute(ForkedBooter.java:126)
	at org.apache.maven.surefire.booter.ForkedBooter.main(ForkedBooter.java:418)
]]>
            </full-stacktrace>
          </exception> <!-- org.openqa.selenium.SessionNotCreatedException -->
          <reporter-output>
          </reporter-output>
        </test-method> <!-- setUp -->
        <test-method status="SKIP" signature="createNewUserButton()[pri:0, instance:RegisteringNewCustomer.RegisterCustomerTestCases@5bfa9431]" name="createNewUserButton" duration-ms="2" started-at="2019-11-12T19:18:11Z" finished-at="2019-11-12T19:18:11Z">
          <reporter-output>
          </reporter-output>
        </test-method> <!-- createNewUserButton -->
        <test-method status="SKIP" signature="registerationHappyPath()[pri:0, instance:RegisteringNewCustomer.RegisterCustomerTestCases@5bfa9431]" name="registerationHappyPath" duration-ms="1" started-at="2019-11-12T19:18:11Z" finished-at="2019-11-12T19:18:11Z">
          <reporter-output>
          </reporter-output>
        </test-method> <!-- registerationHappyPath -->
        <test-method status="SKIP" signature="registerationWithNotEmailString()[pri:0, instance:RegisteringNewCustomer.RegisterCustomerTestCases@5bfa9431]" name="registerationWithNotEmailString" duration-ms="1" started-at="2019-11-12T19:18:11Z" finished-at="2019-11-12T19:18:11Z">
          <reporter-output>
          </reporter-output>
        </test-method> <!-- registerationWithNotEmailString -->
        <test-method status="SKIP" signature="registerationWithEmptyEmailField()[pri:0, instance:RegisteringNewCustomer.RegisterCustomerTestCases@5bfa9431]" name="registerationWithEmptyEmailField" duration-ms="1" started-at="2019-11-12T19:18:11Z" finished-at="2019-11-12T19:18:11Z">
          <reporter-output>
          </reporter-output>
        </test-method> <!-- registerationWithEmptyEmailField -->
        <test-method status="SKIP" signature="registerationWithEmptyPassword()[pri:0, instance:RegisteringNewCustomer.RegisterCustomerTestCases@5bfa9431]" name="registerationWithEmptyPassword" duration-ms="1" started-at="2019-11-12T19:18:11Z" finished-at="2019-11-12T19:18:11Z">
          <reporter-output>
          </reporter-output>
        </test-method> <!-- registerationWithEmptyPassword -->
        <test-method status="SKIP" signature="registerationWithEmptyPasswordConfirmationField()[pri:0, instance:RegisteringNewCustomer.RegisterCustomerTestCases@5bfa9431]" name="registerationWithEmptyPasswordConfirmationField" duration-ms="0" started-at="2019-11-12T19:18:11Z" finished-at="2019-11-12T19:18:11Z">
          <reporter-output>
          </reporter-output>
        </test-method> <!-- registerationWithEmptyPasswordConfirmationField -->
        <test-method status="SKIP" signature="registerationWithEmptyPasswordAndEmptyConfirmation()[pri:0, instance:RegisteringNewCustomer.RegisterCustomerTestCases@5bfa9431]" name="registerationWithEmptyPasswordAndEmptyConfirmation" duration-ms="1" started-at="2019-11-12T19:18:11Z" finished-at="2019-11-12T19:18:11Z">
          <reporter-output>
          </reporter-output>
        </test-method> <!-- registerationWithEmptyPasswordAndEmptyConfirmation -->
        <test-method status="SKIP" signature="registerationWithFiveCharchtersPassword()[pri:0, instance:RegisteringNewCustomer.RegisterCustomerTestCases@5bfa9431]" name="registerationWithFiveCharchtersPassword" duration-ms="1" started-at="2019-11-12T19:18:11Z" finished-at="2019-11-12T19:18:11Z">
          <reporter-output>
          </reporter-output>
        </test-method> <!-- registerationWithFiveCharchtersPassword -->
        <test-method status="SKIP" signature="registerationWithFiftyOneCharchtersPassword()[pri:0, instance:RegisteringNewCustomer.RegisterCustomerTestCases@5bfa9431]" name="registerationWithFiftyOneCharchtersPassword" duration-ms="1" started-at="2019-11-12T19:18:11Z" finished-at="2019-11-12T19:18:11Z">
          <reporter-output>
          </reporter-output>
        </test-method> <!-- registerationWithFiftyOneCharchtersPassword -->
        <test-method status="SKIP" signature="registerationWithOnlyLettersPassword()[pri:0, instance:RegisteringNewCustomer.RegisterCustomerTestCases@5bfa9431]" name="registerationWithOnlyLettersPassword" duration-ms="1" started-at="2019-11-12T19:18:11Z" finished-at="2019-11-12T19:18:11Z">
          <reporter-output>
          </reporter-output>
        </test-method> <!-- registerationWithOnlyLettersPassword -->
        <test-method status="SKIP" signature="registerationWithOnlyNumbersPassword()[pri:0, instance:RegisteringNewCustomer.RegisterCustomerTestCases@5bfa9431]" name="registerationWithOnlyNumbersPassword" duration-ms="1" started-at="2019-11-12T19:18:11Z" finished-at="2019-11-12T19:18:11Z">
          <reporter-output>
          </reporter-output>
        </test-method> <!-- registerationWithOnlyNumbersPassword -->
        <test-method status="SKIP" signature="registerationWithOnlySpecialCharchtersPassword()[pri:0, instance:RegisteringNewCustomer.RegisterCustomerTestCases@5bfa9431]" name="registerationWithOnlySpecialCharchtersPassword" duration-ms="1" started-at="2019-11-12T19:18:11Z" finished-at="2019-11-12T19:18:11Z">
          <reporter-output>
          </reporter-output>
        </test-method> <!-- registerationWithOnlySpecialCharchtersPassword -->
        <test-method status="SKIP" signature="registerationWithPasswordSimilarToEmail()[pri:0, instance:RegisteringNewCustomer.RegisterCustomerTestCases@5bfa9431]" name="registerationWithPasswordSimilarToEmail" duration-ms="1" started-at="2019-11-12T19:18:11Z" finished-at="2019-11-12T19:18:11Z">
          <reporter-output>
          </reporter-output>
        </test-method> <!-- registerationWithPasswordSimilarToEmail -->
        <test-method status="SKIP" signature="registerationWithPreviouslyUsedEmail()[pri:0, instance:RegisteringNewCustomer.RegisterCustomerTestCases@5bfa9431]" name="registerationWithPreviouslyUsedEmail" duration-ms="1" started-at="2019-11-12T19:18:11Z" finished-at="2019-11-12T19:18:11Z">
          <reporter-output>
          </reporter-output>
        </test-method> <!-- registerationWithPreviouslyUsedEmail -->
        <test-method status="SKIP" signature="registerationWithEasyToGuessPassword()[pri:0, instance:RegisteringNewCustomer.RegisterCustomerTestCases@5bfa9431]" name="registerationWithEasyToGuessPassword" duration-ms="0" started-at="2019-11-12T19:18:11Z" finished-at="2019-11-12T19:18:11Z">
          <reporter-output>
          </reporter-output>
        </test-method> <!-- registerationWithEasyToGuessPassword -->
        <test-method status="SKIP" signature="registerationTermsOfUseAndPrivacy()[pri:0, instance:RegisteringNewCustomer.RegisterCustomerTestCases@5bfa9431]" name="registerationTermsOfUseAndPrivacy" duration-ms="1" started-at="2019-11-12T19:18:11Z" finished-at="2019-11-12T19:18:11Z">
          <reporter-output>
          </reporter-output>
        </test-method> <!-- registerationTermsOfUseAndPrivacy -->
        <test-method status="SKIP" signature="tearDown()[pri:0, instance:RegisteringNewCustomer.RegisterCustomerTestCases@5bfa9431]" name="tearDown" is-config="true" duration-ms="0" started-at="2019-11-12T19:18:11Z" finished-at="2019-11-12T19:18:11Z">
          <reporter-output>
          </reporter-output>
        </test-method> <!-- tearDown -->
      </class> <!-- RegisteringNewCustomer.RegisterCustomerTestCases -->
    </test> <!-- Default test -->
    <test name="Default test1" duration-ms="15239" started-at="2019-11-12T17:18:11Z" finished-at="2019-11-12T17:18:27Z">
      <class name="TravelSearch.TravelSearchTestCases">
        <test-method status="FAIL" signature="setUp()[pri:0, instance:TravelSearch.TravelSearchTestCases@56a6d5a6]" name="setUp" is-config="true" duration-ms="0" started-at="2019-11-12T19:18:11Z" finished-at="2019-11-12T19:18:11Z">
          <exception class="org.openqa.selenium.SessionNotCreatedException">
            <message>
              <![CDATA[session not created
from chrome not reachable
  (Session info: chrome=78.0.3904.97)
  (Driver info: chromedriver=72.0.3626.69 (3c16f8a135abc0d4da2dff33804db79b849a7c38),platform=Windows NT 10.0.18362 x86_64) (WARNING: The server did not provide any stacktrace information)
Command duration or timeout: 14.70 seconds
Build info: version: '3.14.0', revision: 'aacccce0', time: '2018-08-02T20:19:58.91Z'
System info: host: 'CA-M-ATEF', ip: '10.68.22.33', os.name: 'Windows 10', os.arch: 'amd64', os.version: '10.0', java.version: '1.8.0_151'
Driver info: driver.version: ChromeDriver]]>
            </message>
            <full-stacktrace>
              <![CDATA[org.openqa.selenium.SessionNotCreatedException: session not created
from chrome not reachable
  (Session info: chrome=78.0.3904.97)
  (Driver info: chromedriver=72.0.3626.69 (3c16f8a135abc0d4da2dff33804db79b849a7c38),platform=Windows NT 10.0.18362 x86_64) (WARNING: The server did not provide any stacktrace information)
Command duration or timeout: 14.70 seconds
Build info: version: '3.14.0', revision: 'aacccce0', time: '2018-08-02T20:19:58.91Z'
System info: host: 'CA-M-ATEF', ip: '10.68.22.33', os.name: 'Windows 10', os.arch: 'amd64', os.version: '10.0', java.version: '1.8.0_151'
Driver info: driver.version: ChromeDriver
	at sun.reflect.NativeConstructorAccessorImpl.newInstance0(Native Method)
	at sun.reflect.NativeConstructorAccessorImpl.newInstance(NativeConstructorAccessorImpl.java:62)
	at sun.reflect.DelegatingConstructorAccessorImpl.newInstance(DelegatingConstructorAccessorImpl.java:45)
	at java.lang.reflect.Constructor.newInstance(Constructor.java:423)
	at org.openqa.selenium.remote.ErrorHandler.createThrowable(ErrorHandler.java:214)
	at org.openqa.selenium.remote.ErrorHandler.throwIfResponseFailed(ErrorHandler.java:166)
	at org.openqa.selenium.remote.JsonWireProtocolResponse.lambda$new$0(JsonWireProtocolResponse.java:53)
	at org.openqa.selenium.remote.JsonWireProtocolResponse.lambda$getResponseFunction$2(JsonWireProtocolResponse.java:91)
	at org.openqa.selenium.remote.ProtocolHandshake.lambda$createSession$0(ProtocolHandshake.java:122)
	at java.util.stream.ReferencePipeline$3$1.accept(ReferencePipeline.java:193)
	at java.util.Spliterators$ArraySpliterator.tryAdvance(Spliterators.java:958)
	at java.util.stream.ReferencePipeline.forEachWithCancel(ReferencePipeline.java:126)
	at java.util.stream.AbstractPipeline.copyIntoWithCancel(AbstractPipeline.java:498)
	at java.util.stream.AbstractPipeline.copyInto(AbstractPipeline.java:485)
	at java.util.stream.AbstractPipeline.wrapAndCopyInto(AbstractPipeline.java:471)
	at java.util.stream.FindOps$FindOp.evaluateSequential(FindOps.java:152)
	at java.util.stream.AbstractPipeline.evaluate(AbstractPipeline.java:234)
	at java.util.stream.ReferencePipeline.findFirst(ReferencePipeline.java:464)
	at org.openqa.selenium.remote.ProtocolHandshake.createSession(ProtocolHandshake.java:125)
	at org.openqa.selenium.remote.ProtocolHandshake.createSession(ProtocolHandshake.java:73)
	at org.openqa.selenium.remote.HttpCommandExecutor.execute(HttpCommandExecutor.java:136)
	at org.openqa.selenium.remote.service.DriverCommandExecutor.execute(DriverCommandExecutor.java:83)
	at org.openqa.selenium.remote.RemoteWebDriver.execute(RemoteWebDriver.java:548)
	at org.openqa.selenium.remote.RemoteWebDriver.startSession(RemoteWebDriver.java:212)
	at org.openqa.selenium.remote.RemoteWebDriver.<init>(RemoteWebDriver.java:130)
	at org.openqa.selenium.chrome.ChromeDriver.<init>(ChromeDriver.java:181)
	at org.openqa.selenium.chrome.ChromeDriver.<init>(ChromeDriver.java:168)
	at org.openqa.selenium.chrome.ChromeDriver.<init>(ChromeDriver.java:157)
	at CommenUsedMethods.CommenMethods.setUpDriversWebDrivers(CommenMethods.java:77)
	at TravelSearch.TravelSearchTestCases.setUp(TravelSearchTestCases.java:30)
	at sun.reflect.NativeMethodAccessorImpl.invoke0(Native Method)
	at sun.reflect.NativeMethodAccessorImpl.invoke(NativeMethodAccessorImpl.java:62)
	at sun.reflect.DelegatingMethodAccessorImpl.invoke(DelegatingMethodAccessorImpl.java:43)
	at java.lang.reflect.Method.invoke(Method.java:498)
	at org.testng.internal.MethodInvocationHelper.invokeMethod(MethodInvocationHelper.java:84)
	at org.testng.internal.Invoker.invokeConfigurationMethod(Invoker.java:564)
	at org.testng.internal.Invoker.invokeConfigurations(Invoker.java:213)
	at org.testng.internal.Invoker.invokeConfigurations(Invoker.java:138)
	at org.testng.TestRunner.beforeRun(TestRunner.java:641)
	at org.testng.TestRunner.run(TestRunner.java:609)
	at org.testng.SuiteRunner.runTest(SuiteRunner.java:348)
	at org.testng.SuiteRunner.runSequentially(SuiteRunner.java:343)
	at org.testng.SuiteRunner.privateRun(SuiteRunner.java:305)
	at org.testng.SuiteRunner.run(SuiteRunner.java:254)
	at org.testng.SuiteRunnerWorker.runSuite(SuiteRunnerWorker.java:52)
	at org.testng.SuiteRunnerWorker.run(SuiteRunnerWorker.java:86)
	at org.testng.TestNG.runSuitesSequentially(TestNG.java:1224)
	at org.testng.TestNG.runSuitesLocally(TestNG.java:1149)
	at org.testng.TestNG.run(TestNG.java:1057)
	at org.apache.maven.surefire.testng.TestNGExecutor.run(TestNGExecutor.java:283)
	at org.apache.maven.surefire.testng.TestNGXmlTestSuite.execute(TestNGXmlTestSuite.java:75)
	at org.apache.maven.surefire.testng.TestNGProvider.invoke(TestNGProvider.java:120)
	at org.apache.maven.surefire.booter.ForkedBooter.invokeProviderInSameClassLoader(ForkedBooter.java:384)
	at org.apache.maven.surefire.booter.ForkedBooter.runSuitesInProcess(ForkedBooter.java:345)
	at org.apache.maven.surefire.booter.ForkedBooter.execute(ForkedBooter.java:126)
	at org.apache.maven.surefire.booter.ForkedBooter.main(ForkedBooter.java:418)
]]>
            </full-stacktrace>
          </exception> <!-- org.openqa.selenium.SessionNotCreatedException -->
          <reporter-output>
          </reporter-output>
        </test-method> <!-- setUp -->
        <test-method status="SKIP" signature="searchForFlight()[pri:0, instance:TravelSearch.TravelSearchTestCases@56a6d5a6]" name="searchForFlight" duration-ms="1" started-at="2019-11-12T19:18:27Z" finished-at="2019-11-12T19:18:27Z">
          <reporter-output>
          </reporter-output>
        </test-method> <!-- searchForFlight -->
        <test-method status="SKIP" signature="tearDown()[pri:0, instance:TravelSearch.TravelSearchTestCases@56a6d5a6]" name="tearDown" is-config="true" duration-ms="0" started-at="2019-11-12T19:18:27Z" finished-at="2019-11-12T19:18:27Z">
          <reporter-output>
          </reporter-output>
        </test-method> <!-- tearDown -->
      </class> <!-- TravelSearch.TravelSearchTestCases -->
    </test> <!-- Default test1 -->
  </suite> <!-- Default suite -->
</testng-results>
